Base path: C:/Program Files (x86)/Unity/Editor/Data
Pipe name: \\.\pipe\UnityShaderCompiler-1-3940
Cmd: getPlatforms
Cmd: preprocess
  insize=1263 outsize=1623 ok=1
Cmd: compileSnippet
  api=4 type=0 insize=5605 outsize=4321 kw=DIRECTIONAL SHADOWS_OFF LIGHTMAP_OFF DIRLIGHTMAP_OFF ok=1
Cmd: compileSnippet
  api=4 type=1 insize=5605 outsize=3257 kw=DIRECTIONAL SHADOWS_OFF LIGHTMAP_OFF DIRLIGHTMAP_OFF ok=1
Cmd: compileSnippet
  api=4 type=0 insize=3187 outsize=3972 kw=POINT ok=1
Cmd: compileSnippet
  api=4 type=1 insize=3187 outsize=3582 kw=POINT ok=1
Cmd: compileSnippet
  api=4 type=0 insize=2890 outsize=3005 kw= ok=1
Cmd: compileSnippet
  api=4 type=1 insize=2890 outsize=1859 kw= ok=1
Cmd: compileSnippet
  api=4 type=0 insize=5058 outsize=3224 kw=LIGHTMAP_OFF DIRLIGHTMAP_OFF HDR_LIGHT_PREPASS_OFF ok=1
Cmd: compileSnippet
  api=4 type=1 insize=5058 outsize=2119 kw=LIGHTMAP_OFF DIRLIGHTMAP_OFF HDR_LIGHT_PREPASS_OFF ok=1
Cmd: preprocess
  insize=620 outsize=1383 ok=1
Cmd: compileSnippet
  api=4 type=0 insize=4376 outsize=2607 kw=DIRECTIONAL SHADOWS_OFF LIGHTMAP_OFF DIRLIGHTMAP_OFF ok=1
Cmd: compileSnippet
  api=4 type=1 insize=4376 outsize=1485 kw=DIRECTIONAL SHADOWS_OFF LIGHTMAP_OFF DIRLIGHTMAP_OFF ok=1
Cmd: compileSnippet
  api=4 type=0 insize=2339 outsize=2875 kw=POINT ok=1
Cmd: compileSnippet
  api=4 type=1 insize=2339 outsize=1786 kw=POINT ok=1
Cmd: compileSnippet
  api=4 type=0 insize=1998 outsize=1697 kw= ok=1
Cmd: compileSnippet
  api=4 type=1 insize=1998 outsize=1063 kw= ok=1
Cmd: compileSnippet
  api=4 type=0 insize=4076 outsize=2883 kw=LIGHTMAP_OFF DIRLIGHTMAP_OFF HDR_LIGHT_PREPASS_OFF ok=1
Cmd: compileSnippet
  api=4 type=1 insize=4076 outsize=1428 kw=LIGHTMAP_OFF DIRLIGHTMAP_OFF HDR_LIGHT_PREPASS_OFF ok=1
Cmd: compileSnippet
  api=4 type=0 insize=2339 outsize=1851 kw=DIRECTIONAL ok=1
Cmd: compileSnippet
  api=4 type=1 insize=2339 outsize=1372 kw=DIRECTIONAL ok=1
Cmd: compileSnippet
  api=4 type=0 insize=3187 outsize=3192 kw=DIRECTIONAL ok=1
Cmd: compileSnippet
  api=4 type=1 insize=3187 outsize=3110 kw=DIRECTIONAL ok=1
